<?xml version="1.0" encoding="utf-8"?><testsuites name="pytest tests"><testsuite name="pytest" errors="0" failures="0" skipped="0" tests="17" time="3.965" timestamp="2026-05-27T08:51:02.141683+00:00" hostname="agent-env-455f20ed-f61f-44b3-8a19-84b48ba23e6e"><testcase classname="backend.tests.test_field_api.TestFieldList" name="test_list_returns_4_presets" time="0.205" /><testcase classname="backend.tests.test_field_api.TestFieldLive" name="test_live_central_valley_shape" time="0.569" /><testcase classname="backend.tests.test_field_api.TestFieldLive" name="test_live_iowa_coords" time="0.536" /><testcase classname="backend.tests.test_field_api.TestFieldLive" name="test_live_punjab_and_pampas" time="1.071" /><testcase classname="backend.tests.test_field_api.TestFieldLive" name="test_live_unknown_returns_404" time="0.043" /><testcase classname="backend.tests.test_field_api.TestFieldLive" name="test_live_cache_60s" time="0.585" /><testcase classname="backend.tests.test_field_api.TestFieldLive" name="test_live_default_field_is_central_valley" time="0.042" /><testcase classname="backend.tests.test_waitlist_api.TestRoot" name="test_root_greeting" time="0.106" /><testcase classname="backend.tests.test_waitlist_api.TestStats" name="test_stats_shape" time="0.052" /><testcase classname="backend.tests.test_waitlist_api.TestStats" name="test_stats_increments_after_signup" time="0.147" /><testcase classname="backend.tests.test_waitlist_api.TestWaitlistPost" name="test_create_valid" time="0.047" /><testcase classname="backend.tests.test_waitlist_api.TestWaitlistPost" name="test_email_lowercased_on_create" time="0.050" /><testcase classname="backend.tests.test_waitlist_api.TestWaitlistPost" name="test_duplicate_email_returns_409" time="0.092" /><testcase classname="backend.tests.test_waitlist_api.TestWaitlistPost" name="test_duplicate_case_insensitive" time="0.093" /><testcase classname="backend.tests.test_waitlist_api.TestWaitlistPost" name="test_invalid_email_422" time="0.046" /><testcase classname="backend.tests.test_waitlist_api.TestWaitlistPost" name="test_missing_name_422" time="0.043" /><testcase classname="backend.tests.test_waitlist_api.TestWaitlistPost" name="test_empty_name_422" time="0.042" /></testsuite></testsuites>