<?xml version="1.0" encoding="utf-8"?><testsuites name="pytest tests"><testsuite name="pytest" errors="0" failures="2" skipped="0" tests="10" time="1.092" timestamp="2026-05-27T08:05:51.629632+00:00" hostname="agent-env-455f20ed-f61f-44b3-8a19-84b48ba23e6e"><testcase classname="backend.tests.test_waitlist_api.TestRoot" name="test_root_greeting" time="0.249" /><testcase classname="backend.tests.test_waitlist_api.TestStats" name="test_stats_shape" time="0.052" /><testcase classname="backend.tests.test_waitlist_api.TestStats" name="test_stats_increments_after_signup" time="0.178" /><testcase classname="backend.tests.test_waitlist_api.TestWaitlistPost" name="test_create_valid" time="0.047"><failure message="AssertionError: assert 'TEST_valid_2...e@example.com' == 'test_valid_2...e@example.com'&#10;  &#10;  - test_valid_2c0fd5a80e@example.com&#10;  ? ^^^^&#10;  + TEST_valid_2c0fd5a80e@example.com&#10;  ? ^^^^">backend/tests/test_waitlist_api.py:88: in test_create_valid
    assert data["email"] == email.lower()
E   AssertionError: assert 'TEST_valid_2...e@example.com' == 'test_valid_2...e@example.com'
E     
E     - test_valid_2c0fd5a80e@example.com
E     ? ^^^^
E     + TEST_valid_2c0fd5a80e@example.com
E     ? ^^^^</failure></testcase><testcase classname="backend.tests.test_waitlist_api.TestWaitlistPost" name="test_email_lowercased_on_create" time="0.048"><failure message="AssertionError: assert 'TEST_UPPER_8...6@example.com' == 'test_upper_8...6@example.com'&#10;  &#10;  - test_upper_8f33f4b6@example.com&#10;  + TEST_UPPER_8f33f4b6@example.com">backend/tests/test_waitlist_api.py:99: in test_email_lowercased_on_create
    assert r.json()["email"] == email_upper.lower()
E   AssertionError: assert 'TEST_UPPER_8...6@example.com' == 'test_upper_8...6@example.com'
E     
E     - test_upper_8f33f4b6@example.com
E     + TEST_UPPER_8f33f4b6@example.com</failure></testcase><testcase classname="backend.tests.test_waitlist_api.TestWaitlistPost" name="test_duplicate_email_returns_409" time="0.090" /><testcase classname="backend.tests.test_waitlist_api.TestWaitlistPost" name="test_duplicate_case_insensitive" time="0.099" /><testcase classname="backend.tests.test_waitlist_api.TestWaitlistPost" name="test_invalid_email_422" time="0.047" /><testcase classname="backend.tests.test_waitlist_api.TestWaitlistPost" name="test_missing_name_422" time="0.046" /><testcase classname="backend.tests.test_waitlist_api.TestWaitlistPost" name="test_empty_name_422" time="0.048" /></testsuite></testsuites>